<?xml version="1.0" encoding="UTF-8"?>
<!-- Generated by org.testng.reporters.JUnitReportReporter -->
<testsuite skipped="0" hostname="ATMECSINLT-283" name="com.atmecs.qa.script.HeatClinicScript" tests="7" failures="0" timestamp="2019-11-20T10:26:11 IST" time="22.934" errors="0">
  <testcase name="clickMenuVerify" time="1.542" classname="com.atmecs.qa.script.HeatClinicScript"/>
  <testcase name="clickMenuVerify" time="1.515" classname="com.atmecs.qa.script.HeatClinicScript"/>
  <testcase name="clickMenuVerify" time="1.827" classname="com.atmecs.qa.script.HeatClinicScript"/>
  <testcase name="clickMenuVerify" time="1.441" classname="com.atmecs.qa.script.HeatClinicScript"/>
  <testcase name="clickMenuVerify" time="2.024" classname="com.atmecs.qa.script.HeatClinicScript"/>
  <testcase name="clickMenuVerify" time="1.883" classname="com.atmecs.qa.script.HeatClinicScript"/>
  <testcase name="clickMerchantVerifyProduct" time="12.702" classname="com.atmecs.qa.script.HeatClinicScript"/>
</testsuite> <!-- com.atmecs.qa.script.HeatClinicScript -->
